<?xml version="1.0" encoding="UTF-8"?>
<!-- Generated by org.testng.reporters.JUnitXMLReporter -->
<testsuite ignored="0" hostname="DESKTOP-MOV6OMQ" failures="0" tests="3" name="Surefire test" time="0.033" errors="0" timestamp="2021-07-17T09:04:13 IST">
  <testcase classname="seleniumlearn.seleniumja.SeleniuTest" name="Automation" time="0.003"/>
  <testcase classname="seleniumlearn.seleniumja.SeleniuTest" name="Manual" time="0.0"/>
  <testcase classname="seleniumlearn.seleniumja.SeleniuTest" name="seleneiumtesting" time="0.0"/>
</testsuite> <!-- Surefire test -->
