<?xml version="1.0" encoding="UTF-8"?>
<testng-results ignored="0" total="1" passed="1" failed="0" skipped="0">
  <reporter-output>
  </reporter-output>
  <suite started-at="2021-07-22T09:05:58 IST" name="Default suite" finished-at="2021-07-22T09:06:03 IST" duration-ms="4775">
    <groups>
    </groups>
    <test started-at="2021-07-22T09:05:58 IST" name="Default test" finished-at="2021-07-22T09:06:03 IST" duration-ms="4775">
      <class name="seleniumlearn.seleniumja.ValidateTitle">
        <test-method is-config="true" signature="intialize()[pri:0, instance:seleniumlearn.seleniumja.ValidateTitle@3e92efc3]" started-at="2021-07-22T09:05:58 IST" name="intialize" finished-at="2021-07-22T09:06:03 IST" duration-ms="4557" status="PASS">
          <reporter-output>
          </reporter-output>
        </test-method> <!-- intialize -->
        <test-method signature="basepageNavigation()[pri:0, instance:seleniumlearn.seleniumja.ValidateTitle@3e92efc3]" started-at="2021-07-22T09:06:03 IST" name="basepageNavigation" finished-at="2021-07-22T09:06:03 IST" duration-ms="41" status="PASS">
          <reporter-output>
          </reporter-output>
        </test-method> <!-- basepageNavigation -->
        <test-method is-config="true" signature="closebrowser()[pri:0, instance:seleniumlearn.seleniumja.ValidateTitle@3e92efc3]" started-at="2021-07-22T09:06:03 IST" name="closebrowser" finished-at="2021-07-22T09:06:03 IST" duration-ms="145" status="PASS">
          <reporter-output>
          </reporter-output>
        </test-method> <!-- closebrowser -->
      </class> <!-- seleniumlearn.seleniumja.ValidateTitle -->
    </test> <!-- Default test -->
  </suite> <!-- Default suite -->
</testng-results>
